time="2024-11-24T22:00:32+05:30" level=info msg="Logger initialized"
time="2024-11-24T22:00:32+05:30" level=info msg="Listening at :%d80"
time="2024-11-27T23:16:52+05:30" level=info msg="Logger initialized"
time="2024-11-27T23:16:52+05:30" level=info msg="Listening at :%d80"
time="2024-11-27T23:18:05+05:30" level=error msg="Failed to parse page param, request Content-Type isn't multipart/form-data" errMsg="request Content-Type isn't multipart/form-data" status=500 sysErr="request Content-Type isn't multipart/form-data"
time="2024-11-27T23:18:56+05:30" level=error msg="error extracting CIN, failed to read extracted text: open /var/folders/n4/3_jds9zd78bdv56_fjvzp_8c0000gn/T/extracted-content-2154063054/content.txt: no such file or directory" errMsg="failed to read extracted text: open /var/folders/n4/3_jds9zd78bdv56_fjvzp_8c0000gn/T/extracted-content-2154063054/content.txt: no such file or directory" status=500 sysErr="failed to read extracted text: open /var/folders/n4/3_jds9zd78bdv56_fjvzp_8c0000gn/T/extracted-content-2154063054/content.txt: no such file or directory"
time="2024-11-27T23:26:13+05:30" level=info msg="Logger initialized"
time="2024-11-27T23:26:13+05:30" level=info msg="Listening at :%d80"
time="2024-11-27T23:26:16+05:30" level=error msg="error extracting CIN, content.txt does not exist in extracted directory: stat /var/folders/n4/3_jds9zd78bdv56_fjvzp_8c0000gn/T/extracted-content-4121118867/content.txt: no such file or directory" errMsg="content.txt does not exist in extracted directory: stat /var/folders/n4/3_jds9zd78bdv56_fjvzp_8c0000gn/T/extracted-content-4121118867/content.txt: no such file or directory" status=500 sysErr="content.txt does not exist in extracted directory: stat /var/folders/n4/3_jds9zd78bdv56_fjvzp_8c0000gn/T/extracted-content-4121118867/content.txt: no such file or directory"
time="2024-11-27T23:26:51+05:30" level=info msg="Logger initialized"
time="2024-11-27T23:26:51+05:30" level=info msg="Listening at :%d80"
time="2024-11-27T23:26:53+05:30" level=error msg="error extracting CIN, content.txt does not exist in extracted directory: stat /var/folders/n4/3_jds9zd78bdv56_fjvzp_8c0000gn/T/extracted-content-2426959731/content.txt: no such file or directory" errMsg="content.txt does not exist in extracted directory: stat /var/folders/n4/3_jds9zd78bdv56_fjvzp_8c0000gn/T/extracted-content-2426959731/content.txt: no such file or directory" status=500 sysErr="content.txt does not exist in extracted directory: stat /var/folders/n4/3_jds9zd78bdv56_fjvzp_8c0000gn/T/extracted-content-2426959731/content.txt: no such file or directory"
time="2024-11-27T23:29:16+05:30" level=info msg="Logger initialized"
time="2024-11-27T23:29:16+05:30" level=info msg="Listening at :%d80"
time="2024-11-27T23:29:22+05:30" level=error msg="error extracting CIN, content.txt does not exist in extracted directory: stat /var/folders/n4/3_jds9zd78bdv56_fjvzp_8c0000gn/T/extracted-content-1754175006/content.txt: no such file or directory" errMsg="content.txt does not exist in extracted directory: stat /var/folders/n4/3_jds9zd78bdv56_fjvzp_8c0000gn/T/extracted-content-1754175006/content.txt: no such file or directory" status=500 sysErr="content.txt does not exist in extracted directory: stat /var/folders/n4/3_jds9zd78bdv56_fjvzp_8c0000gn/T/extracted-content-1754175006/content.txt: no such file or directory"
time="2024-11-27T23:30:51+05:30" level=info msg="Logger initialized"
time="2024-11-27T23:30:51+05:30" level=info msg="Listening at :%d80"
time="2024-11-27T23:30:54+05:30" level=error msg="error extracting CIN, content.txt does not exist in extracted directory: stat extracted-content-477751982/content.txt: no such file or directory" errMsg="content.txt does not exist in extracted directory: stat extracted-content-477751982/content.txt: no such file or directory" status=500 sysErr="content.txt does not exist in extracted directory: stat extracted-content-477751982/content.txt: no such file or directory"
time="2024-11-27T23:32:09+05:30" level=info msg="Logger initialized"
time="2024-11-27T23:32:09+05:30" level=info msg="Listening at :%d80"
time="2024-11-27T23:32:13+05:30" level=error msg="error extracting CIN, content.txt does not exist in extracted directory: stat extracted-content-3568539012/content.txt: no such file or directory" errMsg="content.txt does not exist in extracted directory: stat extracted-content-3568539012/content.txt: no such file or directory" status=500 sysErr="content.txt does not exist in extracted directory: stat extracted-content-3568539012/content.txt: no such file or directory"
time="2024-11-27T23:33:38+05:30" level=info msg="Logger initialized"
time="2024-11-27T23:33:38+05:30" level=info msg="Listening at :%d80"
time="2024-11-27T23:33:50+05:30" level=error msg="error extracting CIN, content.txt does not exist in extracted directory: stat extracted-content-1038881822/content.txt: no such file or directory" errMsg="content.txt does not exist in extracted directory: stat extracted-content-1038881822/content.txt: no such file or directory" status=500 sysErr="content.txt does not exist in extracted directory: stat extracted-content-1038881822/content.txt: no such file or directory"
time="2024-11-27T23:36:59+05:30" level=info msg="Logger initialized"
time="2024-11-27T23:36:59+05:30" level=info msg="Listening at :%d80"
time="2024-11-27T23:37:27+05:30" level=info msg="Logger initialized"
time="2024-11-27T23:37:27+05:30" level=info msg="Listening at :%d80"
time="2024-11-27T23:37:33+05:30" level=error msg="error extracting CIN, content.txt does not exist in extracted directory: stat /Users/admin/Desktop/PikAndShip/PikAndShip/cmd/extracted-content-2946412815/content.txt: no such file or directory" errMsg="content.txt does not exist in extracted directory: stat /Users/admin/Desktop/PikAndShip/PikAndShip/cmd/extracted-content-2946412815/content.txt: no such file or directory" status=500 sysErr="content.txt does not exist in extracted directory: stat /Users/admin/Desktop/PikAndShip/PikAndShip/cmd/extracted-content-2946412815/content.txt: no such file or directory"
time="2024-11-27T23:38:05+05:30" level=info msg="Logger initialized"
time="2024-11-27T23:38:05+05:30" level=info msg="Listening at :%d80"
time="2024-11-27T23:38:12+05:30" level=error msg="error extracting CIN, content.txt does not exist in extracted directory: stat /Users/admin/Desktop/PikAndShip/PikAndShip/cmd/extracted-content-754187900/content.txt: no such file or directory" errMsg="content.txt does not exist in extracted directory: stat /Users/admin/Desktop/PikAndShip/PikAndShip/cmd/extracted-content-754187900/content.txt: no such file or directory" status=500 sysErr="content.txt does not exist in extracted directory: stat /Users/admin/Desktop/PikAndShip/PikAndShip/cmd/extracted-content-754187900/content.txt: no such file or directory"
time="2024-11-27T23:38:58+05:30" level=info msg="Logger initialized"
time="2024-11-27T23:38:58+05:30" level=info msg="Listening at :%d80"
time="2024-11-27T23:39:36+05:30" level=info msg="Logger initialized"
time="2024-11-27T23:39:36+05:30" level=info msg="Listening at :%d80"
time="2024-11-27T23:39:38+05:30" level=error msg="error extracting CIN, content.txt does not exist in extracted directory: stat /Users/admin/Desktop/PikAndShip/PikAndShip/cmd/extracted-content-1943426358/content.txt: no such file or directory" errMsg="content.txt does not exist in extracted directory: stat /Users/admin/Desktop/PikAndShip/PikAndShip/cmd/extracted-content-1943426358/content.txt: no such file or directory" status=500 sysErr="content.txt does not exist in extracted directory: stat /Users/admin/Desktop/PikAndShip/PikAndShip/cmd/extracted-content-1943426358/content.txt: no such file or directory"
time="2024-11-27T23:42:25+05:30" level=info msg="Logger initialized"
time="2024-11-27T23:42:25+05:30" level=info msg="Listening at :%d80"
time="2024-11-27T23:42:25+05:30" level=error msg="error extracting CIN, content.txt does not exist in extracted directory: stat /Users/admin/Desktop/PikAndShip/PikAndShip/cmd/extracted-content-1860549710/content.txt: no such file or directory" errMsg="content.txt does not exist in extracted directory: stat /Users/admin/Desktop/PikAndShip/PikAndShip/cmd/extracted-content-1860549710/content.txt: no such file or directory" status=500 sysErr="content.txt does not exist in extracted directory: stat /Users/admin/Desktop/PikAndShip/PikAndShip/cmd/extracted-content-1860549710/content.txt: no such file or directory"
time="2024-11-28T00:12:05+05:30" level=info msg="Logger initialized"
time="2024-11-28T00:12:05+05:30" level=info msg="Listening at :%d80"
time="2024-11-28T00:12:07+05:30" level=error msg="error extracting CIN, content.txt does not exist in extracted directory: stat /Users/admin/Desktop/PikAndShip/PikAndShip/cmd/extracted-content-2723661294/content.txt: no such file or directory" errMsg="content.txt does not exist in extracted directory: stat /Users/admin/Desktop/PikAndShip/PikAndShip/cmd/extracted-content-2723661294/content.txt: no such file or directory" status=500 sysErr="content.txt does not exist in extracted directory: stat /Users/admin/Desktop/PikAndShip/PikAndShip/cmd/extracted-content-2723661294/content.txt: no such file or directory"
